mode: set
github.com/charipw/bookings/internal/handlers/handlers.go:31.62,36.2 1 0
github.com/charipw/bookings/internal/handlers/handlers.go:39.51,44.2 1 1
github.com/charipw/bookings/internal/handlers/handlers.go:47.33,49.2 1 1
github.com/charipw/bookings/internal/handlers/handlers.go:52.67,54.2 1 1
github.com/charipw/bookings/internal/handlers/handlers.go:57.68,59.2 1 1
github.com/charipw/bookings/internal/handlers/handlers.go:62.74,64.9 2 1
github.com/charipw/bookings/internal/handlers/handlers.go:64.9,68.3 3 1
github.com/charipw/bookings/internal/handlers/handlers.go:70.2,71.16 2 1
github.com/charipw/bookings/internal/handlers/handlers.go:71.16,75.3 3 1
github.com/charipw/bookings/internal/handlers/handlers.go:77.2,96.4 10 1
github.com/charipw/bookings/internal/handlers/handlers.go:100.78,102.9 2 0
github.com/charipw/bookings/internal/handlers/handlers.go:102.9,105.3 2 0
github.com/charipw/bookings/internal/handlers/handlers.go:107.2,108.16 2 0
github.com/charipw/bookings/internal/handlers/handlers.go:108.16,111.3 2 0
github.com/charipw/bookings/internal/handlers/handlers.go:113.2,125.19 9 0
github.com/charipw/bookings/internal/handlers/handlers.go:125.19,133.3 4 0
github.com/charipw/bookings/internal/handlers/handlers.go:135.2,136.16 2 0
github.com/charipw/bookings/internal/handlers/handlers.go:136.16,138.3 1 0
github.com/charipw/bookings/internal/handlers/handlers.go:140.2,149.16 3 0
github.com/charipw/bookings/internal/handlers/handlers.go:149.16,151.3 1 0
github.com/charipw/bookings/internal/handlers/handlers.go:153.2,154.66 2 0
github.com/charipw/bookings/internal/handlers/handlers.go:158.71,160.2 1 1
github.com/charipw/bookings/internal/handlers/handlers.go:163.69,165.2 1 1
github.com/charipw/bookings/internal/handlers/handlers.go:168.75,170.2 1 1
github.com/charipw/bookings/internal/handlers/handlers.go:173.79,179.16 5 0
github.com/charipw/bookings/internal/handlers/handlers.go:179.16,181.3 1 0
github.com/charipw/bookings/internal/handlers/handlers.go:182.2,183.16 2 0
github.com/charipw/bookings/internal/handlers/handlers.go:183.16,185.3 1 0
github.com/charipw/bookings/internal/handlers/handlers.go:187.2,188.16 2 0
github.com/charipw/bookings/internal/handlers/handlers.go:188.16,190.3 1 0
github.com/charipw/bookings/internal/handlers/handlers.go:192.2,192.21 1 0
github.com/charipw/bookings/internal/handlers/handlers.go:192.21,197.3 3 0
github.com/charipw/bookings/internal/handlers/handlers.go:199.2,212.4 5 0
github.com/charipw/bookings/internal/handlers/handlers.go:224.79,244.16 10 0
github.com/charipw/bookings/internal/handlers/handlers.go:244.16,247.3 2 0
github.com/charipw/bookings/internal/handlers/handlers.go:249.2,250.14 2 0
github.com/charipw/bookings/internal/handlers/handlers.go:254.70,256.2 1 1
github.com/charipw/bookings/internal/handlers/handlers.go:259.81,261.9 2 0
github.com/charipw/bookings/internal/handlers/handlers.go:261.9,266.3 4 0
github.com/charipw/bookings/internal/handlers/handlers.go:269.2,285.4 9 0
github.com/charipw/bookings/internal/handlers/handlers.go:288.73,290.16 2 0
github.com/charipw/bookings/internal/handlers/handlers.go:290.16,293.3 2 0
github.com/charipw/bookings/internal/handlers/handlers.go:295.2,296.9 2 0
github.com/charipw/bookings/internal/handlers/handlers.go:296.9,299.3 2 0
github.com/charipw/bookings/internal/handlers/handlers.go:301.2,305.62 3 0
github.com/charipw/bookings/internal/handlers/handlers.go:309.71,320.16 9 0
github.com/charipw/bookings/internal/handlers/handlers.go:320.16,322.3 1 0
github.com/charipw/bookings/internal/handlers/handlers.go:324.2,331.62 6 0
